<?xml version="1.0" encoding="UTF-8"?>
<!-- Generated by org.testng.reporters.JUnitReportReporter -->
<testsuite hostname="CTAADJPBVP73" failures="0" tests="1" name="WebApp_july.OHLoginJuly" time="11.209" errors="0" timestamp="2023-07-06T15:35:19 IST" skipped="0">
  <testcase classname="WebApp_july.OHLoginJuly" name="verifytitle" time="11.209"/>
  <system-out/>
</testsuite> <!-- WebApp_july.OHLoginJuly -->
